<?xml version="1.0" encoding="UTF-8"?>
<!-- Generated by org.testng.reporters.JUnitXMLReporter -->
<testsuite ignored="0" hostname="DESKTOP-3RJNRQV" failures="0" tests="3" name="Surefire test" time="45.536" errors="0" timestamp="2026-08-11T21:44:47 IST">
  <testcase classname="tests.LoginTest" name="addProductToCart" time="11.391"/>
  <testcase classname="tests.LoginTest" name="lockedOutUserSeesError" time="2.088"/>
  <testcase classname="tests.LoginTest" name="validLoginShowsProducts" time="2.1"/>
</testsuite> <!-- Surefire test -->
