<?xml version="1.0" encoding="UTF-8"?>
<testng-results ignored="0" total="3" passed="3" failed="0" skipped="0">
  <reporter-output>
  </reporter-output>
  <suite started-at="2026-08-11T21:44:02 IST" name="Surefire suite" finished-at="2026-08-11T21:44:47 IST" duration-ms="45536">
    <groups>
    </groups>
    <test started-at="2026-08-11T21:44:02 IST" name="Surefire test" finished-at="2026-08-11T21:44:47 IST" duration-ms="45536">
      <class name="tests.LoginTest">
        <test-method is-config="true" signature="loadConfig()[pri:0, instance:tests.LoginTest@3c87521]" started-at="2026-08-11T21:44:02 IST" name="loadConfig" finished-at="2026-08-11T21:44:02 IST" duration-ms="43" status="PASS">
          <reporter-output>
          </reporter-output>
        </test-method> <!-- loadConfig -->
        <test-method is-config="true" signature="setUp(java.lang.String)[pri:0, instance:tests.LoginTest@3c87521]" started-at="2026-08-11T21:44:02 IST" name="setUp" finished-at="2026-08-11T21:44:06 IST" duration-ms="4403" status="PASS">
          <params>
            <param index="0">
              <value>
                <![CDATA[chrome]]>
              </value>
            </param>
          </params>
          <reporter-output>
          </reporter-output>
        </test-method> <!-- setUp -->
        <test-method signature="addProductToCart()[pri:0, instance:tests.LoginTest@3c87521]" started-at="2026-08-11T21:44:06 IST" name="addProductToCart" description="User can add a product to the cart" finished-at="2026-08-11T21:44:18 IST" duration-ms="11391" status="PASS">
          <reporter-output>
          </reporter-output>
        </test-method> <!-- addProductToCart -->
        <test-method is-config="true" signature="tearDown(org.testng.ITestResult)[pri:0, instance:tests.LoginTest@3c87521]" started-at="2026-08-11T21:44:18 IST" name="tearDown" finished-at="2026-08-11T21:44:24 IST" duration-ms="6068" status="PASS">
          <params>
            <param index="0">
              <value>
                <![CDATA[[TestResult name=addProductToCart status=SUCCESS method=LoginTest.addProductToCart()[pri:0, instance:tests.LoginTest@3c87521] output={null}]]]>
              </value>
            </param>
          </params>
          <reporter-output>
          </reporter-output>
        </test-method> <!-- tearDown -->
        <test-method is-config="true" signature="setUp(java.lang.String)[pri:0, instance:tests.LoginTest@3c87521]" started-at="2026-08-11T21:44:24 IST" name="setUp" finished-at="2026-08-11T21:44:29 IST" duration-ms="4906" status="PASS">
          <params>
            <param index="0">
              <value>
                <![CDATA[chrome]]>
              </value>
            </param>
          </params>
          <reporter-output>
          </reporter-output>
        </test-method> <!-- setUp -->
        <test-method signature="lockedOutUserSeesError()[pri:0, instance:tests.LoginTest@3c87521]" started-at="2026-08-11T21:44:29 IST" name="lockedOutUserSeesError" description="Locked out user sees an error message" finished-at="2026-08-11T21:44:31 IST" duration-ms="2088" status="PASS">
          <reporter-output>
          </reporter-output>
        </test-method> <!-- lockedOutUserSeesError -->
        <test-method is-config="true" signature="tearDown(org.testng.ITestResult)[pri:0, instance:tests.LoginTest@3c87521]" started-at="2026-08-11T21:44:31 IST" name="tearDown" finished-at="2026-08-11T21:44:41 IST" duration-ms="10107" status="PASS">
          <params>
            <param index="0">
              <value>
                <![CDATA[[TestResult name=lockedOutUserSeesError status=SUCCESS method=LoginTest.lockedOutUserSeesError()[pri:0, instance:tests.LoginTest@3c87521] output={null}]]]>
              </value>
            </param>
          </params>
          <reporter-output>
          </reporter-output>
        </test-method> <!-- tearDown -->
        <test-method is-config="true" signature="setUp(java.lang.String)[pri:0, instance:tests.LoginTest@3c87521]" started-at="2026-08-11T21:44:41 IST" name="setUp" finished-at="2026-08-11T21:44:44 IST" duration-ms="2770" status="PASS">
          <params>
            <param index="0">
              <value>
                <![CDATA[chrome]]>
              </value>
            </param>
          </params>
          <reporter-output>
          </reporter-output>
        </test-method> <!-- setUp -->
        <test-method signature="validLoginShowsProducts()[pri:0, instance:tests.LoginTest@3c87521]" started-at="2026-08-11T21:44:44 IST" name="validLoginShowsProducts" description="Valid user can log in and land on the products page" finished-at="2026-08-11T21:44:46 IST" duration-ms="2100" status="PASS">
          <reporter-output>
          </reporter-output>
        </test-method> <!-- validLoginShowsProducts -->
        <test-method is-config="true" signature="tearDown(org.testng.ITestResult)[pri:0, instance:tests.LoginTest@3c87521]" started-at="2026-08-11T21:44:46 IST" name="tearDown" finished-at="2026-08-11T21:44:47 IST" duration-ms="1620" status="PASS">
          <params>
            <param index="0">
              <value>
                <![CDATA[[TestResult name=validLoginShowsProducts status=SUCCESS method=LoginTest.validLoginShowsProducts()[pri:0, instance:tests.LoginTest@3c87521] output={null}]]]>
              </value>
            </param>
          </params>
          <reporter-output>
          </reporter-output>
        </test-method> <!-- tearDown -->
      </class> <!-- tests.LoginTest -->
    </test> <!-- Surefire test -->
  </suite> <!-- Surefire suite -->
</testng-results>
