<?xml version="1.0" encoding="UTF-8"?>
<!-- Generated by org.testng.reporters.JUnitReportReporter -->
<testsuite hostname="DESKTOP-3RJNRQV" failures="0" tests="3" name="tests.LoginTest" time="45.453" errors="0" timestamp="2026-08-11T21:44:48 IST" skipped="0">
  <testcase classname="tests.LoginTest" name="validLoginShowsProducts" time="6.490"/>
  <testcase classname="tests.LoginTest" name="addProductToCart" time="26.404"/>
  <testcase classname="tests.LoginTest" name="lockedOutUserSeesError" time="12.559"/>
</testsuite> <!-- tests.LoginTest -->
